[2026-05-08T15:41:59.867+0000] {manager.py:469} INFO - Processing files using up to 2 processes at a time 
[2026-05-08T15:41:59.867+0000] {manager.py:470} INFO - Process each file at most once every 30 seconds
[2026-05-08T15:41:59.868+0000] {manager.py:471} INFO - Checking for new files in /opt/airflow/dags every 300 seconds
[2026-05-08T15:41:59.868+0000] {manager.py:738} INFO - Searching for files in /opt/airflow/dags
[2026-05-08T15:41:59.871+0000] {manager.py:741} INFO - There are 1 files in /opt/airflow/dags
[2026-05-08T15:41:59.942+0000] {manager.py:879} INFO - 
================================================================================
DAG File Processing Stats

File Path                                 PID  Runtime      # DAGs    # Errors  Last Runtime    Last Run
--------------------------------------  -----  ---------  --------  ----------  --------------  ----------
/opt/airflow/dags/currency_pipeline.py    170  0.03s             0           0
================================================================================
[2026-05-08T15:42:30.149+0000] {manager.py:879} INFO - 
================================================================================
DAG File Processing Stats

File Path                               PID    Runtime      # DAGs    # Errors  Last Runtime    Last Run
--------------------------------------  -----  ---------  --------  ----------  --------------  -------------------
/opt/airflow/dags/currency_pipeline.py                           1           0  0.24s           2026-05-08T15:42:00
================================================================================
[2026-05-08T15:43:00.768+0000] {manager.py:879} INFO - 
================================================================================
DAG File Processing Stats

File Path                                 PID  Runtime      # DAGs    # Errors  Last Runtime    Last Run
--------------------------------------  -----  ---------  --------  ----------  --------------  -------------------
/opt/airflow/dags/currency_pipeline.py    180  0.01s             1           0  0.10s           2026-05-08T15:42:30
================================================================================
[2026-05-08T15:43:31.107+0000] {manager.py:879} INFO - 
================================================================================
DAG File Processing Stats

File Path                                 PID  Runtime      # DAGs    # Errors  Last Runtime    Last Run
--------------------------------------  -----  ---------  --------  ----------  --------------  -------------------
/opt/airflow/dags/currency_pipeline.py    185  0.01s             1           0  0.09s           2026-05-08T15:43:00
================================================================================
[2026-05-08T15:44:01.442+0000] {manager.py:879} INFO - 
================================================================================
DAG File Processing Stats

File Path                                 PID  Runtime      # DAGs    # Errors  Last Runtime    Last Run
--------------------------------------  -----  ---------  --------  ----------  --------------  -------------------
/opt/airflow/dags/currency_pipeline.py    202  0.01s             1           0  0.08s           2026-05-08T15:43:31
================================================================================
[2026-05-08T15:44:31.802+0000] {manager.py:879} INFO - 
================================================================================
DAG File Processing Stats

File Path                                 PID  Runtime      # DAGs    # Errors  Last Runtime    Last Run
--------------------------------------  -----  ---------  --------  ----------  --------------  -------------------
/opt/airflow/dags/currency_pipeline.py    207  0.01s             1           0  0.09s           2026-05-08T15:44:01
================================================================================
[2026-05-08T15:45:02.162+0000] {manager.py:879} INFO - 
================================================================================
DAG File Processing Stats

File Path                                 PID  Runtime      # DAGs    # Errors  Last Runtime    Last Run
--------------------------------------  -----  ---------  --------  ----------  --------------  -------------------
/opt/airflow/dags/currency_pipeline.py    212  0.01s             1           0  0.14s           2026-05-08T15:44:31
================================================================================
[2026-05-08T15:45:32.479+0000] {manager.py:879} INFO - 
================================================================================
DAG File Processing Stats

File Path                                 PID  Runtime      # DAGs    # Errors  Last Runtime    Last Run
--------------------------------------  -----  ---------  --------  ----------  --------------  -------------------
/opt/airflow/dags/currency_pipeline.py    217  0.01s             1           0  0.10s           2026-05-08T15:45:02
================================================================================
[2026-05-08T15:46:02.747+0000] {manager.py:879} INFO - 
================================================================================
DAG File Processing Stats

File Path                                 PID  Runtime      # DAGs    # Errors  Last Runtime    Last Run
--------------------------------------  -----  ---------  --------  ----------  --------------  -------------------
/opt/airflow/dags/currency_pipeline.py    222  0.00s             1           0  0.11s           2026-05-08T15:45:32
================================================================================
[2026-05-08T15:46:33.054+0000] {manager.py:879} INFO - 
================================================================================
DAG File Processing Stats

File Path                                 PID  Runtime      # DAGs    # Errors  Last Runtime    Last Run
--------------------------------------  -----  ---------  --------  ----------  --------------  -------------------
/opt/airflow/dags/currency_pipeline.py    227  0.01s             1           0  0.09s           2026-05-08T15:46:02
================================================================================
[2026-05-08T15:47:00.322+0000] {manager.py:738} INFO - Searching for files in /opt/airflow/dags
[2026-05-08T15:47:00.328+0000] {manager.py:741} INFO - There are 1 files in /opt/airflow/dags
[2026-05-08T15:47:03.368+0000] {manager.py:879} INFO - 
================================================================================
DAG File Processing Stats

File Path                                 PID  Runtime      # DAGs    # Errors  Last Runtime    Last Run
--------------------------------------  -----  ---------  --------  ----------  --------------  -------------------
/opt/airflow/dags/currency_pipeline.py    232  0.00s             1           0  0.13s           2026-05-08T15:46:33
================================================================================
[2026-05-08T15:47:33.730+0000] {manager.py:879} INFO - 
================================================================================
DAG File Processing Stats

File Path                                 PID  Runtime      # DAGs    # Errors  Last Runtime    Last Run
--------------------------------------  -----  ---------  --------  ----------  --------------  -------------------
/opt/airflow/dags/currency_pipeline.py    237  0.01s             1           0  0.07s           2026-05-08T15:47:03
================================================================================
[2026-05-08T15:48:04.159+0000] {manager.py:879} INFO - 
================================================================================
DAG File Processing Stats

File Path                                 PID  Runtime      # DAGs    # Errors  Last Runtime    Last Run
--------------------------------------  -----  ---------  --------  ----------  --------------  -------------------
/opt/airflow/dags/currency_pipeline.py    242  0.00s             1           0  0.09s           2026-05-08T15:47:33
================================================================================
[2026-05-08T15:48:34.620+0000] {manager.py:879} INFO - 
================================================================================
DAG File Processing Stats

File Path                                 PID  Runtime      # DAGs    # Errors  Last Runtime    Last Run
--------------------------------------  -----  ---------  --------  ----------  --------------  -------------------
/opt/airflow/dags/currency_pipeline.py    247  0.01s             1           0  0.06s           2026-05-08T15:48:04
================================================================================
[2026-05-08T15:49:05.032+0000] {manager.py:879} INFO - 
================================================================================
DAG File Processing Stats

File Path                               PID    Runtime      # DAGs    # Errors  Last Runtime    Last Run
--------------------------------------  -----  ---------  --------  ----------  --------------  -------------------
/opt/airflow/dags/currency_pipeline.py                           1           0  0.09s           2026-05-08T15:48:37
================================================================================
[2026-05-08T15:49:35.456+0000] {manager.py:879} INFO - 
================================================================================
DAG File Processing Stats

File Path                               PID    Runtime      # DAGs    # Errors  Last Runtime    Last Run
--------------------------------------  -----  ---------  --------  ----------  --------------  -------------------
/opt/airflow/dags/currency_pipeline.py                           1           0  0.10s           2026-05-08T15:49:08
================================================================================
[2026-05-08T15:50:05.836+0000] {manager.py:879} INFO - 
================================================================================
DAG File Processing Stats

File Path                               PID    Runtime      # DAGs    # Errors  Last Runtime    Last Run
--------------------------------------  -----  ---------  --------  ----------  --------------  -------------------
/opt/airflow/dags/currency_pipeline.py                           1           0  0.10s           2026-05-08T15:49:38
================================================================================
[2026-05-08T15:50:36.227+0000] {manager.py:879} INFO - 
================================================================================
DAG File Processing Stats

File Path                               PID    Runtime      # DAGs    # Errors  Last Runtime    Last Run
--------------------------------------  -----  ---------  --------  ----------  --------------  -------------------
/opt/airflow/dags/currency_pipeline.py                           1           0  0.16s           2026-05-08T15:50:09
================================================================================
[2026-05-08T15:51:06.626+0000] {manager.py:879} INFO - 
================================================================================
DAG File Processing Stats

File Path                               PID    Runtime      # DAGs    # Errors  Last Runtime    Last Run
--------------------------------------  -----  ---------  --------  ----------  --------------  -------------------
/opt/airflow/dags/currency_pipeline.py                           1           0  0.13s           2026-05-08T15:50:39
================================================================================
[2026-05-08T15:51:37.061+0000] {manager.py:879} INFO - 
================================================================================
DAG File Processing Stats

File Path                               PID    Runtime      # DAGs    # Errors  Last Runtime    Last Run
--------------------------------------  -----  ---------  --------  ----------  --------------  -------------------
/opt/airflow/dags/currency_pipeline.py                           1           0  0.07s           2026-05-08T15:51:09
================================================================================
[2026-05-08T15:52:00.373+0000] {manager.py:738} INFO - Searching for files in /opt/airflow/dags
[2026-05-08T15:52:00.403+0000] {manager.py:741} INFO - There are 1 files in /opt/airflow/dags
[2026-05-08T15:52:07.518+0000] {manager.py:879} INFO - 
================================================================================
DAG File Processing Stats

File Path                               PID    Runtime      # DAGs    # Errors  Last Runtime    Last Run
--------------------------------------  -----  ---------  --------  ----------  --------------  -------------------
/opt/airflow/dags/currency_pipeline.py                           1           0  0.10s           2026-05-08T15:51:40
================================================================================
[2026-05-08T15:52:37.827+0000] {manager.py:879} INFO - 
================================================================================
DAG File Processing Stats

File Path                               PID    Runtime      # DAGs    # Errors  Last Runtime    Last Run
--------------------------------------  -----  ---------  --------  ----------  --------------  -------------------
/opt/airflow/dags/currency_pipeline.py                           1           0  0.13s           2026-05-08T15:52:10
================================================================================
[2026-05-08T15:53:08.099+0000] {manager.py:879} INFO - 
================================================================================
DAG File Processing Stats

File Path                               PID    Runtime      # DAGs    # Errors  Last Runtime    Last Run
--------------------------------------  -----  ---------  --------  ----------  --------------  -------------------
/opt/airflow/dags/currency_pipeline.py                           1           0  0.12s           2026-05-08T15:52:40
================================================================================
[2026-05-08T15:53:38.618+0000] {manager.py:879} INFO - 
================================================================================
DAG File Processing Stats

File Path                               PID    Runtime      # DAGs    # Errors  Last Runtime    Last Run
--------------------------------------  -----  ---------  --------  ----------  --------------  -------------------
/opt/airflow/dags/currency_pipeline.py                           1           0  0.10s           2026-05-08T15:53:11
================================================================================
[2026-05-08T15:54:08.976+0000] {manager.py:879} INFO - 
================================================================================
DAG File Processing Stats

File Path                               PID    Runtime      # DAGs    # Errors  Last Runtime    Last Run
--------------------------------------  -----  ---------  --------  ----------  --------------  -------------------
/opt/airflow/dags/currency_pipeline.py                           1           0  0.11s           2026-05-08T15:53:41
================================================================================
[2026-05-08T15:54:39.291+0000] {manager.py:879} INFO - 
================================================================================
DAG File Processing Stats

File Path                               PID    Runtime      # DAGs    # Errors  Last Runtime    Last Run
--------------------------------------  -----  ---------  --------  ----------  --------------  -------------------
/opt/airflow/dags/currency_pipeline.py                           1           0  0.08s           2026-05-08T15:54:12
================================================================================
[2026-05-08T15:55:09.597+0000] {manager.py:879} INFO - 
================================================================================
DAG File Processing Stats

File Path                               PID    Runtime      # DAGs    # Errors  Last Runtime    Last Run
--------------------------------------  -----  ---------  --------  ----------  --------------  -------------------
/opt/airflow/dags/currency_pipeline.py                           1           0  0.10s           2026-05-08T15:54:42
================================================================================
[2026-05-08T15:55:40.008+0000] {manager.py:879} INFO - 
================================================================================
DAG File Processing Stats

File Path                               PID    Runtime      # DAGs    # Errors  Last Runtime    Last Run
--------------------------------------  -----  ---------  --------  ----------  --------------  -------------------
/opt/airflow/dags/currency_pipeline.py                           1           0  0.09s           2026-05-08T15:55:12
================================================================================
[2026-05-08T15:56:10.324+0000] {manager.py:879} INFO - 
================================================================================
DAG File Processing Stats

File Path                               PID    Runtime      # DAGs    # Errors  Last Runtime    Last Run
--------------------------------------  -----  ---------  --------  ----------  --------------  -------------------
/opt/airflow/dags/currency_pipeline.py                           1           0  0.09s           2026-05-08T15:55:43
================================================================================
[2026-05-08T15:56:40.683+0000] {manager.py:879} INFO - 
================================================================================
DAG File Processing Stats

File Path                               PID    Runtime      # DAGs    # Errors  Last Runtime    Last Run
--------------------------------------  -----  ---------  --------  ----------  --------------  -------------------
/opt/airflow/dags/currency_pipeline.py                           1           0  0.08s           2026-05-08T15:56:13
================================================================================
[2026-05-08T15:57:00.963+0000] {manager.py:738} INFO - Searching for files in /opt/airflow/dags
[2026-05-08T15:57:01.026+0000] {manager.py:741} INFO - There are 1 files in /opt/airflow/dags
[2026-05-08T15:57:11.136+0000] {manager.py:879} INFO - 
================================================================================
DAG File Processing Stats

File Path                               PID    Runtime      # DAGs    # Errors  Last Runtime    Last Run
--------------------------------------  -----  ---------  --------  ----------  --------------  -------------------
/opt/airflow/dags/currency_pipeline.py                           1           0  0.13s           2026-05-08T15:56:43
================================================================================
[2026-05-08T15:57:41.409+0000] {manager.py:879} INFO - 
================================================================================
DAG File Processing Stats

File Path                               PID    Runtime      # DAGs    # Errors  Last Runtime    Last Run
--------------------------------------  -----  ---------  --------  ----------  --------------  -------------------
/opt/airflow/dags/currency_pipeline.py                           1           0  0.06s           2026-05-08T15:57:14
================================================================================
[2026-05-08T15:58:11.742+0000] {manager.py:879} INFO - 
================================================================================
DAG File Processing Stats

File Path                               PID    Runtime      # DAGs    # Errors  Last Runtime    Last Run
--------------------------------------  -----  ---------  --------  ----------  --------------  -------------------
/opt/airflow/dags/currency_pipeline.py                           1           0  0.09s           2026-05-08T15:57:44
================================================================================
[2026-05-08T15:58:42.068+0000] {manager.py:879} INFO - 
================================================================================
DAG File Processing Stats

File Path                               PID    Runtime      # DAGs    # Errors  Last Runtime    Last Run
--------------------------------------  -----  ---------  --------  ----------  --------------  -------------------
/opt/airflow/dags/currency_pipeline.py                           1           0  0.07s           2026-05-08T15:58:14
================================================================================
[2026-05-08T15:59:12.393+0000] {manager.py:879} INFO - 
================================================================================
DAG File Processing Stats

File Path                               PID    Runtime      # DAGs    # Errors  Last Runtime    Last Run
--------------------------------------  -----  ---------  --------  ----------  --------------  -------------------
/opt/airflow/dags/currency_pipeline.py                           1           0  0.13s           2026-05-08T15:58:45
================================================================================
[2026-05-08T15:59:42.835+0000] {manager.py:879} INFO - 
================================================================================
DAG File Processing Stats

File Path                               PID    Runtime      # DAGs    # Errors  Last Runtime    Last Run
--------------------------------------  -----  ---------  --------  ----------  --------------  -------------------
/opt/airflow/dags/currency_pipeline.py                           1           0  0.10s           2026-05-08T15:59:15
================================================================================
[2026-05-08T16:00:13.189+0000] {manager.py:879} INFO - 
================================================================================
DAG File Processing Stats

File Path                               PID    Runtime      # DAGs    # Errors  Last Runtime    Last Run
--------------------------------------  -----  ---------  --------  ----------  --------------  -------------------
/opt/airflow/dags/currency_pipeline.py                           1           0  0.09s           2026-05-08T15:59:45
================================================================================
[2026-05-08T16:00:43.544+0000] {manager.py:879} INFO - 
================================================================================
DAG File Processing Stats

File Path                               PID    Runtime      # DAGs    # Errors  Last Runtime    Last Run
--------------------------------------  -----  ---------  --------  ----------  --------------  -------------------
/opt/airflow/dags/currency_pipeline.py                           1           0  0.08s           2026-05-08T16:00:16
================================================================================
[2026-05-08T16:01:13.884+0000] {manager.py:879} INFO - 
================================================================================
DAG File Processing Stats

File Path                               PID    Runtime      # DAGs    # Errors  Last Runtime    Last Run
--------------------------------------  -----  ---------  --------  ----------  --------------  -------------------
/opt/airflow/dags/currency_pipeline.py                           1           0  0.14s           2026-05-08T16:00:46
================================================================================
[2026-05-08T16:01:44.254+0000] {manager.py:879} INFO - 
================================================================================
DAG File Processing Stats

File Path                               PID    Runtime      # DAGs    # Errors  Last Runtime    Last Run
--------------------------------------  -----  ---------  --------  ----------  --------------  -------------------
/opt/airflow/dags/currency_pipeline.py                           1           0  0.08s           2026-05-08T16:01:17
================================================================================
[2026-05-08T16:02:01.467+0000] {manager.py:738} INFO - Searching for files in /opt/airflow/dags
[2026-05-08T16:02:01.476+0000] {manager.py:741} INFO - There are 1 files in /opt/airflow/dags
[2026-05-08T16:02:14.635+0000] {manager.py:879} INFO - 
================================================================================
DAG File Processing Stats

File Path                               PID    Runtime      # DAGs    # Errors  Last Runtime    Last Run
--------------------------------------  -----  ---------  --------  ----------  --------------  -------------------
/opt/airflow/dags/currency_pipeline.py                           1           0  0.13s           2026-05-08T16:01:47
================================================================================
[2026-05-08T16:02:44.979+0000] {manager.py:879} INFO - 
================================================================================
DAG File Processing Stats

File Path                               PID    Runtime      # DAGs    # Errors  Last Runtime    Last Run
--------------------------------------  -----  ---------  --------  ----------  --------------  -------------------
/opt/airflow/dags/currency_pipeline.py                           1           0  0.07s           2026-05-08T16:02:17
================================================================================
[2026-05-08T16:03:15.377+0000] {manager.py:879} INFO - 
================================================================================
DAG File Processing Stats

File Path                               PID    Runtime      # DAGs    # Errors  Last Runtime    Last Run
--------------------------------------  -----  ---------  --------  ----------  --------------  -------------------
/opt/airflow/dags/currency_pipeline.py                           1           0  0.11s           2026-05-08T16:02:48
================================================================================
[2026-05-08T16:03:45.776+0000] {manager.py:879} INFO - 
================================================================================
DAG File Processing Stats

File Path                               PID    Runtime      # DAGs    # Errors  Last Runtime    Last Run
--------------------------------------  -----  ---------  --------  ----------  --------------  -------------------
/opt/airflow/dags/currency_pipeline.py                           1           0  0.21s           2026-05-08T16:03:18
================================================================================
[2026-05-08T16:04:16.144+0000] {manager.py:879} INFO - 
================================================================================
DAG File Processing Stats

File Path                               PID    Runtime      # DAGs    # Errors  Last Runtime    Last Run
--------------------------------------  -----  ---------  --------  ----------  --------------  -------------------
/opt/airflow/dags/currency_pipeline.py                           1           0  0.16s           2026-05-08T16:03:48
================================================================================
[2026-05-08T16:04:46.583+0000] {manager.py:879} INFO - 
================================================================================
DAG File Processing Stats

File Path                               PID    Runtime      # DAGs    # Errors  Last Runtime    Last Run
--------------------------------------  -----  ---------  --------  ----------  --------------  -------------------
/opt/airflow/dags/currency_pipeline.py                           1           0  0.17s           2026-05-08T16:04:19
================================================================================
[2026-05-08T16:05:17.005+0000] {manager.py:879} INFO - 
================================================================================
DAG File Processing Stats

File Path                               PID    Runtime      # DAGs    # Errors  Last Runtime    Last Run
--------------------------------------  -----  ---------  --------  ----------  --------------  -------------------
/opt/airflow/dags/currency_pipeline.py                           1           0  0.10s           2026-05-08T16:04:49
================================================================================
[2026-05-08T16:05:47.358+0000] {manager.py:879} INFO - 
================================================================================
DAG File Processing Stats

File Path                               PID    Runtime      # DAGs    # Errors  Last Runtime    Last Run
--------------------------------------  -----  ---------  --------  ----------  --------------  -------------------
/opt/airflow/dags/currency_pipeline.py                           1           0  0.20s           2026-05-08T16:05:20
================================================================================
[2026-05-08T16:06:17.732+0000] {manager.py:879} INFO - 
================================================================================
DAG File Processing Stats

File Path                               PID    Runtime      # DAGs    # Errors  Last Runtime    Last Run
--------------------------------------  -----  ---------  --------  ----------  --------------  -------------------
/opt/airflow/dags/currency_pipeline.py                           1           0  0.10s           2026-05-08T16:05:50
================================================================================
[2026-05-08T16:06:48.073+0000] {manager.py:879} INFO - 
================================================================================
DAG File Processing Stats

File Path                               PID    Runtime      # DAGs    # Errors  Last Runtime    Last Run
--------------------------------------  -----  ---------  --------  ----------  --------------  -------------------
/opt/airflow/dags/currency_pipeline.py                           1           0  0.13s           2026-05-08T16:06:20
================================================================================
[2026-05-08T16:07:02.250+0000] {manager.py:738} INFO - Searching for files in /opt/airflow/dags
[2026-05-08T16:07:02.261+0000] {manager.py:741} INFO - There are 1 files in /opt/airflow/dags
[2026-05-08T16:07:18.449+0000] {manager.py:879} INFO - 
================================================================================
DAG File Processing Stats

File Path                               PID    Runtime      # DAGs    # Errors  Last Runtime    Last Run
--------------------------------------  -----  ---------  --------  ----------  --------------  -------------------
/opt/airflow/dags/currency_pipeline.py                           1           0  0.10s           2026-05-08T16:06:51
================================================================================
[2026-05-08T16:07:48.883+0000] {manager.py:879} INFO - 
================================================================================
DAG File Processing Stats

File Path                               PID    Runtime      # DAGs    # Errors  Last Runtime    Last Run
--------------------------------------  -----  ---------  --------  ----------  --------------  -------------------
/opt/airflow/dags/currency_pipeline.py                           1           0  0.16s           2026-05-08T16:07:48
================================================================================
